HEADER_ADD: This coadd SIMLIB was created with command
HEADER_ADD:    ' /global/cfs/cdirs/lsst/groups/TD/SOFTWARE/SNANA/bin/simlib_coadd.exe /pscratch/sd/d/desctd/cfs_mirror/SNANA/SURVEYS/LSST/ROOT/simlibs/desi_3040_v5.3.0_10yrs_all.SIMLIB SORT_BAND ' 
HEADER_ADD: and the following co-add cuts/options:
HEADER_ADD:    + Select LIBID between 0 and 1000000
HEADER_ADD:    + Reject LIBID with < 3 exposures
HEADER_ADD:    + Combine consecutive exposures within 0.400 days
HEADER_ADD:    + Multiple exposures are 'SUMMED' 

 SIMLIB_open_read(): 
 	 Opened : /pscratch/sd/d/desctd/cfs_mirror/SNANA/SURVEYS/LSST/ROOT/simlibs/desi_3040_v5.3.0_10yrs_all.SIMLIB 
	 Opened /pscratch/sd/d/desctd/cfs_mirror/SNANA/SURVEYS/LSST/ROOT/simlibs/desi_3040_v5.3.0_10yrs_all.SIMLIB 
 Found header line: DOCUMENTATION:
 Found header line:     PURPOSE: simulate LSST based on mock opsim version desi_3040_v5.3.0_10yrs.d Found header line: b
 Found header line:     INTENT:   Nominal
 Found header line:     USAGE_KEY: SIMLIB_FILE
 Found header line:     USAGE_CODE: snlc_sim.exe
 Found header line:     VALIDATION_SCIENCE: 
 Found header line:     NOTES: 
 Found header line:         PARAMS MINMJD: 61208.2014
 Found header line:         PARAMS MAXMJD: 64860.4450
 Found header line:         PARAMS TOTAL_AREA: 20301.045
 Found header line:         PARAMS SOLID_ANGLE: 6.184
 Found header line:         COMMAND: ['make_simlib.py', '/pscratch/sd/d/desctd/cfs_mirror/SNANA/SUR Found header line: VEYS/LSST/ROOT/simlibs/desi_3040_v5.3.0_10yrs.db', '--output_dir', '/pscratch/s Found header line: d/d/desctd/cfs_mirror/SNANA/SURVEYS/LSST/ROOT/simlibs/', '--author', 'mvincenz' Found header line: , '--simlib_coadd']
 Found header line:         WARNING_NOTICE: DDF approximately determined by nobs>=1100
 Found header line:     VERSIONS:
 Found header line:     - DATE : 26-05-29
 Found header line:     AUTHORS : mvincenz, OpSimSummaryV2 version 0.1
 Found header line: DOCUMENTATION_END:
 Found header line: 
 Found header line: 
 Found header line: 
 Found header line: SURVEY: LSST   FILTERS: ugrizY  TELESCOPE: LSST
 Found SIMLIB_FILTERS: ugrizY 
 Found header line: USER: NONE     HOST: nid004136
 Found header line: NLIBID: 50000
 Found header line: NPE_PIXEL_SATURATE:   100000
 Found header line: PHOTFLAG_SATURATE:    1024
 Found header line: 
 Found header line: 
 Found header line: BEGIN LIBGEN
	 Opened /pscratch/sd/d/desctd/cfs_mirror/SNANA/SURVEYS/LSST/ROOT/simlibs/desi_3040_v5.3.0_10yrs_all.SIMLIB.COADD 
  Process LIBID   99 
  Process LIBID  199 
  Process LIBID  299 
  Process LIBID  399 
  Process LIBID  499 
  Process LIBID  599 
  Process LIBID  699 
  Process LIBID  799 
  Process LIBID  899 
  Process LIBID  999 
  Process LIBID 1099 
  Process LIBID 1199 
  Process LIBID 1299 
  Process LIBID 1399 
  Process LIBID 1499 
  Process LIBID 1599 
  Process LIBID 1699 
  Process LIBID 1799 
  Process LIBID 1899 
  Process LIBID 1999 
  Process LIBID 2099 
  Process LIBID 2199 
  Process LIBID 2299 
  Process LIBID 2399 
  Process LIBID 2499 
  Process LIBID 2599 
  Process LIBID 2699 
  Process LIBID 2799 
  Process LIBID 2899 
  Process LIBID 2999 
  Process LIBID 3099 
  Process LIBID 3199 
  Process LIBID 3299 
  Process LIBID 3399 
  Process LIBID 3499 
  Process LIBID 3599 
  Process LIBID 3699 
  Process LIBID 3799 
  Process LIBID 3899 
  Process LIBID 3999 
  Process LIBID 4099 
  Process LIBID 4199 
  Process LIBID 4299 
  Process LIBID 4399 
  Process LIBID 4499 
  Process LIBID 4599 
  Process LIBID 4699 
  Process LIBID 4799 
  Process LIBID 4899 
  Process LIBID 4999 
  Process LIBID 5099 
  Process LIBID 5199 
  Process LIBID 5299 
  Process LIBID 5399 
  Process LIBID 5499 
  Process LIBID 5599 
  Process LIBID 5699 
  Process LIBID 5799 
  Process LIBID 5899 
  Process LIBID 5999 
  Process LIBID 6099 
  Process LIBID 6199 
  Process LIBID 6299 
  Process LIBID 6399 
  Process LIBID 6499 
  Process LIBID 6599 
  Process LIBID 6699 
  Process LIBID 6799 
  Process LIBID 6899 
  Process LIBID 6999 
  Process LIBID 7099 
  Process LIBID 7199 
  Process LIBID 7299 
  Process LIBID 7399 
  Process LIBID 7499 
  Process LIBID 7599 
  Process LIBID 7699 
  Process LIBID 7799 
  Process LIBID 7899 
  Process LIBID 7999 
  Process LIBID 8099 
  Process LIBID 8199 
  Process LIBID 8299 
  Process LIBID 8399 
  Process LIBID 8499 
  Process LIBID 8599 
  Process LIBID 8699 
  Process LIBID 8799 
  Process LIBID 8899 
  Process LIBID 8999 
  Process LIBID 9099 
  Process LIBID 9199 
  Process LIBID 9299 
  Process LIBID 9399 
  Process LIBID 9499 
  Process LIBID 9599 
  Process LIBID 9699 
  Process LIBID 9799 
  Process LIBID 9899 
  Process LIBID 9999 
  Process LIBID 10099 
  Process LIBID 10199 
  Process LIBID 10299 
  Process LIBID 10399 
  Process LIBID 10499 
  Process LIBID 10599 
  Process LIBID 10699 
  Process LIBID 10799 
  Process LIBID 10899 
  Process LIBID 10999 
  Process LIBID 11099 
  Process LIBID 11199 
  Process LIBID 11299 
  Process LIBID 11399 
  Process LIBID 11499 
  Process LIBID 11599 
  Process LIBID 11699 
  Process LIBID 11799 
  Process LIBID 11899 
  Process LIBID 11999 
  Process LIBID 12099 
  Process LIBID 12199 
  Process LIBID 12299 
  Process LIBID 12399 
  Process LIBID 12499 
  Process LIBID 12599 
  Process LIBID 12699 
  Process LIBID 12799 
  Process LIBID 12899 
  Process LIBID 12999 
  Process LIBID 13099 
  Process LIBID 13199 
  Process LIBID 13299 
  Process LIBID 13399 
  Process LIBID 13499 
  Process LIBID 13599 
  Process LIBID 13699 
  Process LIBID 13799 
  Process LIBID 13899 
  Process LIBID 13999 
  Process LIBID 14099 
  Process LIBID 14199 
  Process LIBID 14299 
  Process LIBID 14399 
  Process LIBID 14499 
  Process LIBID 14599 
  Process LIBID 14699 
  Process LIBID 14799 
  Process LIBID 14899 
  Process LIBID 14999 
  Process LIBID 15099 
  Process LIBID 15199 
  Process LIBID 15299 
  Process LIBID 15399 
  Process LIBID 15499 
  Process LIBID 15599 
  Process LIBID 15699 
  Process LIBID 15799 
  Process LIBID 15899 
  Process LIBID 15999 
  Process LIBID 16099 
  Process LIBID 16199 
  Process LIBID 16299 
  Process LIBID 16399 
  Process LIBID 16499 
  Process LIBID 16599 
  Process LIBID 16699 
  Process LIBID 16799 
  Process LIBID 16899 
  Process LIBID 16999 
  Process LIBID 17099 
  Process LIBID 17199 
  Process LIBID 17299 
  Process LIBID 17399 
  Process LIBID 17499 
  Process LIBID 17599 
  Process LIBID 17699 
  Process LIBID 17799 
  Process LIBID 17899 
  Process LIBID 17999 
  Process LIBID 18099 
  Process LIBID 18199 
  Process LIBID 18299 
  Process LIBID 18399 
  Process LIBID 18499 
  Process LIBID 18599 
  Process LIBID 18699 
  Process LIBID 18799 
  Process LIBID 18899 
  Process LIBID 18999 
  Process LIBID 19099 
  Process LIBID 19199 
  Process LIBID 19299 
  Process LIBID 19399 
  Process LIBID 19499 
  Process LIBID 19599 
  Process LIBID 19699 
  Process LIBID 19799 
  Process LIBID 19899 
  Process LIBID 19999 
  Process LIBID 20099 
  Process LIBID 20199 
  Process LIBID 20299 
  Process LIBID 20399 
  Process LIBID 20499 
  Process LIBID 20599 
  Process LIBID 20699 
  Process LIBID 20799 
  Process LIBID 20899 
  Process LIBID 20999 
  Process LIBID 21099 
  Process LIBID 21199 
  Process LIBID 21299 
  Process LIBID 21399 
  Process LIBID 21499 
  Process LIBID 21599 
  Process LIBID 21699 
  Process LIBID 21799 
  Process LIBID 21899 
  Process LIBID 21999 
  Process LIBID 22099 
  Process LIBID 22199 
  Process LIBID 22299 
  Process LIBID 22399 
  Process LIBID 22499 
  Process LIBID 22599 
  Process LIBID 22699 
  Process LIBID 22799 
  Process LIBID 22899 
  Process LIBID 22999 
  Process LIBID 23099 
  Process LIBID 23199 
  Process LIBID 23299 
  Process LIBID 23399 
  Process LIBID 23499 
  Process LIBID 23599 
  Process LIBID 23699 
  Process LIBID 23799 
  Process LIBID 23899 
  Process LIBID 23999 
  Process LIBID 24099 
  Process LIBID 24199 
  Process LIBID 24299 
  Process LIBID 24399 
  Process LIBID 24499 
  Process LIBID 24599 
  Process LIBID 24699 
  Process LIBID 24799 
  Process LIBID 24899 
  Process LIBID 24999 
  Process LIBID 25099 
  Process LIBID 25199 
  Process LIBID 25299 
  Process LIBID 25399 
  Process LIBID 25499 
  Process LIBID 25599 
  Process LIBID 25699 
  Process LIBID 25799 
  Process LIBID 25899 
  Process LIBID 25999 
  Process LIBID 26099 
  Process LIBID 26199 
  Process LIBID 26299 
  Process LIBID 26399 
  Process LIBID 26499 
  Process LIBID 26599 
  Process LIBID 26699 
  Process LIBID 26799 
  Process LIBID 26899 
  Process LIBID 26999 
  Process LIBID 27099 
  Process LIBID 27199 
  Process LIBID 27299 
  Process LIBID 27399 
  Process LIBID 27499 
  Process LIBID 27599 
  Process LIBID 27699 
  Process LIBID 27799 
  Process LIBID 27899 
  Process LIBID 27999 
  Process LIBID 28099 
  Process LIBID 28199 
  Process LIBID 28299 
  Process LIBID 28399 
  Process LIBID 28499 
  Process LIBID 28599 
  Process LIBID 28699 
  Process LIBID 28799 
  Process LIBID 28899 
  Process LIBID 28999 
  Process LIBID 29099 
  Process LIBID 29199 
  Process LIBID 29299 
  Process LIBID 29399 
  Process LIBID 29499 
  Process LIBID 29599 
  Process LIBID 29699 
  Process LIBID 29799 
  Process LIBID 29899 
  Process LIBID 29999 
  Process LIBID 30099 
  Process LIBID 30199 
  Process LIBID 30299 
  Process LIBID 30399 
  Process LIBID 30499 
  Process LIBID 30599 
  Process LIBID 30699 
  Process LIBID 30799 
  Process LIBID 30899 
  Process LIBID 30999 
  Process LIBID 31099 
  Process LIBID 31199 
  Process LIBID 31299 
  Process LIBID 31399 
  Process LIBID 31499 
  Process LIBID 31599 
  Process LIBID 31699 
  Process LIBID 31799 
  Process LIBID 31899 
  Process LIBID 31999 
  Process LIBID 32099 
  Process LIBID 32199 
  Process LIBID 32299 
  Process LIBID 32399 
  Process LIBID 32499 
  Process LIBID 32599 
  Process LIBID 32699 
  Process LIBID 32799 
  Process LIBID 32899 
  Process LIBID 32999 
  Process LIBID 33099 
  Process LIBID 33199 
  Process LIBID 33299 
  Process LIBID 33399 
  Process LIBID 33499 
  Process LIBID 33599 
  Process LIBID 33699 
  Process LIBID 33799 
  Process LIBID 33899 
  Process LIBID 33999 
  Process LIBID 34099 
  Process LIBID 34199 
  Process LIBID 34299 
  Process LIBID 34399 
  Process LIBID 34499 
  Process LIBID 34599 
  Process LIBID 34699 
  Process LIBID 34799 
  Process LIBID 34899 
  Process LIBID 34999 
  Process LIBID 35099 
  Process LIBID 35199 
  Process LIBID 35299 
  Process LIBID 35399 
  Process LIBID 35499 
  Process LIBID 35599 
  Process LIBID 35699 
  Process LIBID 35799 
  Process LIBID 35899 
  Process LIBID 35999 
  Process LIBID 36099 
  Process LIBID 36199 
  Process LIBID 36299 
  Process LIBID 36399 
  Process LIBID 36499 
  Process LIBID 36599 
  Process LIBID 36699 
  Process LIBID 36799 
  Process LIBID 36899 
  Process LIBID 36999 
  Process LIBID 37099 
  Process LIBID 37199 
  Process LIBID 37299 
  Process LIBID 37399 
  Process LIBID 37499 
  Process LIBID 37599 
  Process LIBID 37699 
  Process LIBID 37799 
  Process LIBID 37899 
  Process LIBID 37999 
  Process LIBID 38099 
  Process LIBID 38199 
  Process LIBID 38299 
  Process LIBID 38399 
  Process LIBID 38499 
  Process LIBID 38599 
  Process LIBID 38699 
  Process LIBID 38799 
  Process LIBID 38899 
  Process LIBID 38999 
  Process LIBID 39099 
  Process LIBID 39199 
  Process LIBID 39299 
  Process LIBID 39399 
  Process LIBID 39499 
  Process LIBID 39599 
  Process LIBID 39699 
  Process LIBID 39799 
  Process LIBID 39899 
  Process LIBID 39999 
  Process LIBID 40099 
  Process LIBID 40199 
  Process LIBID 40299 
  Process LIBID 40399 
  Process LIBID 40499 
  Process LIBID 40599 
  Process LIBID 40699 
  Process LIBID 40799 
  Process LIBID 40899 
  Process LIBID 40999 
  Process LIBID 41099 
  Process LIBID 41199 
  Process LIBID 41299 
  Process LIBID 41399 
  Process LIBID 41499 
  Process LIBID 41599 
  Process LIBID 41699 
  Process LIBID 41799 
  Process LIBID 41899 
  Process LIBID 41999 
  Process LIBID 42099 
  Process LIBID 42199 
  Process LIBID 42299 
  Process LIBID 42399 
  Process LIBID 42499 
  Process LIBID 42599 
  Process LIBID 42699 
  Process LIBID 42799 
  Process LIBID 42899 
  Process LIBID 42999 
  Process LIBID 43099 
  Process LIBID 43199 
  Process LIBID 43299 
  Process LIBID 43399 
  Process LIBID 43499 
  Process LIBID 43599 
  Process LIBID 43699 
  Process LIBID 43799 
  Process LIBID 43899 
  Process LIBID 43999 
  Process LIBID 44099 
  Process LIBID 44199 
  Process LIBID 44299 
  Process LIBID 44399 
  Process LIBID 44499 
  Process LIBID 44599 
  Process LIBID 44699 
  Process LIBID 44799 
  Process LIBID 44899 
  Process LIBID 44999 
  Process LIBID 45099 
  Process LIBID 45199 
  Process LIBID 45299 
  Process LIBID 45399 
  Process LIBID 45499 
  Process LIBID 45599 
  Process LIBID 45699 
  Process LIBID 45799 
  Process LIBID 45899 
  Process LIBID 45999 
  Process LIBID 46099 
  Process LIBID 46199 
  Process LIBID 46299 
  Process LIBID 46399 
  Process LIBID 46499 
  Process LIBID 46599 
  Process LIBID 46699 
  Process LIBID 46799 
  Process LIBID 46899 
  Process LIBID 46999 
  Process LIBID 47099 
  Process LIBID 47199 
  Process LIBID 47299 
  Process LIBID 47399 
  Process LIBID 47499 
  Process LIBID 47599 
  Process LIBID 47699 
  Process LIBID 47799 
  Process LIBID 47899 
  Process LIBID 47999 
  Process LIBID 48099 
  Process LIBID 48199 
  Process LIBID 48299 
  Process LIBID 48399 
  Process LIBID 48499 
  Process LIBID 48599 
  Process LIBID 48699 
  Process LIBID 48799 
  Process LIBID 48899 
  Process LIBID 48999 
  Process LIBID 49099 
  Process LIBID 49199 
  Process LIBID 49299 
  Process LIBID 49399 
  Process LIBID 49499 
  Process LIBID 49599 
  Process LIBID 49699 
  Process LIBID 49799 
  Process LIBID 49899 
  Process LIBID 49999 

 Insert 'NLIBID: 50000' after SURVEY line in header.
  Coadd NOBS Range: 290 to 4276 
  Coadd MJD Range: 61208.2 to 64860.4 

 Done coadding 50000 LIBIDs (50000 read) 
Reading from database sqlite:////pscratch/sd/d/desctd/cfs_mirror/SNANA/SURVEYS/LSST/ROOT/simlibs/desi_3040_v5.3.0_10yrs.db
Read N = 1847428 observations in 33.43 seconds.
No host file.
Finished compute healpy representation, total number of fields : 387012.
Writing SIMLIB in /pscratch/sd/d/desctd/cfs_mirror/SNANA/SURVEYS/LSST/ROOT/simlibs/desi_3040_v5.3.0_10yrs_all.SIMLIB
SIMLIB wrote in 286.49 sec.



#################


Executing simlib_coadd.exe
Return code: 0
HEADER_ADD: This coadd SIMLIB was created with command
HEADER_ADD:    ' /global/cfs/cdirs/lsst/groups/TD/SOFTWARE/SNANA/bin/simlib_coadd.exe /pscratch/sd/d/desctd/cfs_mirror/SNANA/SURVEYS/LSST/ROOT/simlibs/baseline_v5.3.0_10yrs_all.SIMLIB SORT_BAND ' 
HEADER_ADD: and the following co-add cuts/options:
HEADER_ADD:    + Select LIBID between 0 and 1000000
HEADER_ADD:    + Reject LIBID with < 3 exposures
HEADER_ADD:    + Combine consecutive exposures within 0.400 days
HEADER_ADD:    + Multiple exposures are 'SUMMED' 

 SIMLIB_open_read(): 
 	 Opened : /pscratch/sd/d/desctd/cfs_mirror/SNANA/SURVEYS/LSST/ROOT/simlibs/baseline_v5.3.0_10yrs_all.SIMLIB 
	 Opened /pscratch/sd/d/desctd/cfs_mirror/SNANA/SURVEYS/LSST/ROOT/simlibs/baseline_v5.3.0_10yrs_all.SIMLIB 
 Found header line: DOCUMENTATION:
 Found header line:     PURPOSE: simulate LSST based on mock opsim version baseline_v5.3.0_10yrs.db Found header line: 
 Found header line:     INTENT:   Nominal
 Found header line:     USAGE_KEY: SIMLIB_FILE
 Found header line:     USAGE_CODE: snlc_sim.exe
 Found header line:     VALIDATION_SCIENCE: 
 Found header line:     NOTES: 
 Found header line:         PARAMS MINMJD: 61208.2014
 Found header line:         PARAMS MAXMJD: 64860.4449
 Found header line:         PARAMS TOTAL_AREA: 20248.484
 Found header line:         PARAMS SOLID_ANGLE: 6.168
 Found header line:         COMMAND: ['make_simlib.py', '/pscratch/sd/d/desctd/cfs_mirror/SNANA/SUR Found header line: VEYS/LSST/ROOT/simlibs/baseline_v5.3.0_10yrs.db', '--output_dir', '/pscratch/sd Found header line: /d/desctd/cfs_mirror/SNANA/SURVEYS/LSST/ROOT/simlibs/', '--author', 'bcarreres' Found header line: , '--simlib_coadd']
 Found header line:         WARNING_NOTICE: DDF approximately determined by nobs>=1100
 Found header line:     VERSIONS:
 Found header line:     - DATE : 26-05-29
 Found header line:     AUTHORS : bcarreres, OpSimSummaryV2 version 0.1
 Found header line: DOCUMENTATION_END:
 Found header line: 
 Found header line: 
 Found header line: 
 Found header line: SURVEY: LSST   FILTERS: ugrizY  TELESCOPE: LSST
 Found SIMLIB_FILTERS: ugrizY 
 Found header line: USER: NONE     HOST: nid004136
 Found header line: NLIBID: 50000
 Found header line: NPE_PIXEL_SATURATE:   100000
 Found header line: PHOTFLAG_SATURATE:    1024
 Found header line: 
 Found header line: 
 Found header line: BEGIN LIBGEN
	 Opened /pscratch/sd/d/desctd/cfs_mirror/SNANA/SURVEYS/LSST/ROOT/simlibs/baseline_v5.3.0_10yrs_all.SIMLIB.COADD 
  Process LIBID   99 
  Process LIBID  199 
  Process LIBID  299 
  Process LIBID  399 
  Process LIBID  499 
  Process LIBID  599 
  Process LIBID  699 
  Process LIBID  799 
  Process LIBID  899 
  Process LIBID  999 
  Process LIBID 1099 
  Process LIBID 1199 
  Process LIBID 1299 
  Process LIBID 1399 
  Process LIBID 1499 
  Process LIBID 1599 
  Process LIBID 1699 
  Process LIBID 1799 
  Process LIBID 1899 
  Process LIBID 1999 
  Process LIBID 2099 
  Process LIBID 2199 
  Process LIBID 2299 
  Process LIBID 2399 
  Process LIBID 2499 
  Process LIBID 2599 
  Process LIBID 2699 
  Process LIBID 2799 
  Process LIBID 2899 
  Process LIBID 2999 
  Process LIBID 3099 
  Process LIBID 3199 
  Process LIBID 3299 
  Process LIBID 3399 
  Process LIBID 3499 
  Process LIBID 3599 
  Process LIBID 3699 
  Process LIBID 3799 
  Process LIBID 3899 
  Process LIBID 3999 
  Process LIBID 4099 
  Process LIBID 4199 
  Process LIBID 4299 
  Process LIBID 4399 
  Process LIBID 4499 
  Process LIBID 4599 
  Process LIBID 4699 
  Process LIBID 4799 
  Process LIBID 4899 
  Process LIBID 4999 
  Process LIBID 5099 
  Process LIBID 5199 
  Process LIBID 5299 
  Process LIBID 5399 
  Process LIBID 5499 
  Process LIBID 5599 
  Process LIBID 5699 
  Process LIBID 5799 
  Process LIBID 5899 
  Process LIBID 5999 
  Process LIBID 6099 
  Process LIBID 6199 
  Process LIBID 6299 
  Process LIBID 6399 
  Process LIBID 6499 
  Process LIBID 6599 
  Process LIBID 6699 
  Process LIBID 6799 
  Process LIBID 6899 
  Process LIBID 6999 
  Process LIBID 7099 
  Process LIBID 7199 
  Process LIBID 7299 
  Process LIBID 7399 
  Process LIBID 7499 
  Process LIBID 7599 
  Process LIBID 7699 
  Process LIBID 7799 
  Process LIBID 7899 
  Process LIBID 7999 
  Process LIBID 8099 
  Process LIBID 8199 
  Process LIBID 8299 
  Process LIBID 8399 
  Process LIBID 8499 
  Process LIBID 8599 
  Process LIBID 8699 
  Process LIBID 8799 
  Process LIBID 8899 
  Process LIBID 8999 
  Process LIBID 9099 
  Process LIBID 9199 
  Process LIBID 9299 
  Process LIBID 9399 
  Process LIBID 9499 
  Process LIBID 9599 
  Process LIBID 9699 
  Process LIBID 9799 
  Process LIBID 9899 
  Process LIBID 9999 
  Process LIBID 10099 
  Process LIBID 10199 
  Process LIBID 10299 
  Process LIBID 10399 
  Process LIBID 10499 
  Process LIBID 10599 
  Process LIBID 10699 
  Process LIBID 10799 
  Process LIBID 10899 
  Process LIBID 10999 
  Process LIBID 11099 
  Process LIBID 11199 
  Process LIBID 11299 
  Process LIBID 11399 
  Process LIBID 11499 
  Process LIBID 11599 
  Process LIBID 11699 
  Process LIBID 11799 
  Process LIBID 11899 
  Process LIBID 11999 
  Process LIBID 12099 
  Process LIBID 12199 
  Process LIBID 12299 
  Process LIBID 12399 
  Process LIBID 12499 
  Process LIBID 12599 
  Process LIBID 12699 
  Process LIBID 12799 
  Process LIBID 12899 
  Process LIBID 12999 
  Process LIBID 13099 
  Process LIBID 13199 
  Process LIBID 13299 
  Process LIBID 13399 
  Process LIBID 13499 
  Process LIBID 13599 
  Process LIBID 13699 
  Process LIBID 13799 
  Process LIBID 13899 
  Process LIBID 13999 
  Process LIBID 14099 
  Process LIBID 14199 
  Process LIBID 14299 
  Process LIBID 14399 
  Process LIBID 14499 
  Process LIBID 14599 
  Process LIBID 14699 
  Process LIBID 14799 
  Process LIBID 14899 
  Process LIBID 14999 
  Process LIBID 15099 
  Process LIBID 15199 
  Process LIBID 15299 
  Process LIBID 15399 
  Process LIBID 15499 
  Process LIBID 15599 
  Process LIBID 15699 
  Process LIBID 15799 
  Process LIBID 15899 
  Process LIBID 15999 
  Process LIBID 16099 
  Process LIBID 16199 
  Process LIBID 16299 
  Process LIBID 16399 
  Process LIBID 16499 
  Process LIBID 16599 
  Process LIBID 16699 
  Process LIBID 16799 
  Process LIBID 16899 
  Process LIBID 16999 
  Process LIBID 17099 
  Process LIBID 17199 
  Process LIBID 17299 
  Process LIBID 17399 
  Process LIBID 17499 
  Process LIBID 17599 
  Process LIBID 17699 
  Process LIBID 17799 
  Process LIBID 17899 
  Process LIBID 17999 
  Process LIBID 18099 
  Process LIBID 18199 
  Process LIBID 18299 
  Process LIBID 18399 
  Process LIBID 18499 
  Process LIBID 18599 
  Process LIBID 18699 
  Process LIBID 18799 
  Process LIBID 18899 
  Process LIBID 18999 
  Process LIBID 19099 
  Process LIBID 19199 
  Process LIBID 19299 
  Process LIBID 19399 
  Process LIBID 19499 
  Process LIBID 19599 
  Process LIBID 19699 
  Process LIBID 19799 
  Process LIBID 19899 
  Process LIBID 19999 
  Process LIBID 20099 
  Process LIBID 20199 
  Process LIBID 20299 
  Process LIBID 20399 
  Process LIBID 20499 
  Process LIBID 20599 
  Process LIBID 20699 
  Process LIBID 20799 
  Process LIBID 20899 
  Process LIBID 20999 
  Process LIBID 21099 
  Process LIBID 21199 
  Process LIBID 21299 
  Process LIBID 21399 
  Process LIBID 21499 
  Process LIBID 21599 
  Process LIBID 21699 
  Process LIBID 21799 
  Process LIBID 21899 
  Process LIBID 21999 
  Process LIBID 22099 
  Process LIBID 22199 
  Process LIBID 22299 
  Process LIBID 22399 
  Process LIBID 22499 
  Process LIBID 22599 
  Process LIBID 22699 
  Process LIBID 22799 
  Process LIBID 22899 
  Process LIBID 22999 
  Process LIBID 23099 
  Process LIBID 23199 
  Process LIBID 23299 
  Process LIBID 23399 
  Process LIBID 23499 
  Process LIBID 23599 
  Process LIBID 23699 
  Process LIBID 23799 
  Process LIBID 23899 
  Process LIBID 23999 
  Process LIBID 24099 
  Process LIBID 24199 
  Process LIBID 24299 
  Process LIBID 24399 
  Process LIBID 24499 
  Process LIBID 24599 
  Process LIBID 24699 
  Process LIBID 24799 
  Process LIBID 24899 
  Process LIBID 24999 
  Process LIBID 25099 
  Process LIBID 25199 
  Process LIBID 25299 
  Process LIBID 25399 
  Process LIBID 25499 
  Process LIBID 25599 
  Process LIBID 25699 
  Process LIBID 25799 
  Process LIBID 25899 
  Process LIBID 25999 
  Process LIBID 26099 
  Process LIBID 26199 
  Process LIBID 26299 
  Process LIBID 26399 
  Process LIBID 26499 
  Process LIBID 26599 
  Process LIBID 26699 
  Process LIBID 26799 
  Process LIBID 26899 
  Process LIBID 26999 
  Process LIBID 27099 
  Process LIBID 27199 
  Process LIBID 27299 
  Process LIBID 27399 
  Process LIBID 27499 
  Process LIBID 27599 
  Process LIBID 27699 
  Process LIBID 27799 
  Process LIBID 27899 
  Process LIBID 27999 
  Process LIBID 28099 
  Process LIBID 28199 
  Process LIBID 28299 
  Process LIBID 28399 
  Process LIBID 28499 
  Process LIBID 28599 
  Process LIBID 28699 
  Process LIBID 28799 
  Process LIBID 28899 
  Process LIBID 28999 
  Process LIBID 29099 
  Process LIBID 29199 
  Process LIBID 29299 
  Process LIBID 29399 
  Process LIBID 29499 
  Process LIBID 29599 
  Process LIBID 29699 
  Process LIBID 29799 
  Process LIBID 29899 
  Process LIBID 29999 
  Process LIBID 30099 
  Process LIBID 30199 
  Process LIBID 30299 
  Process LIBID 30399 
  Process LIBID 30499 
  Process LIBID 30599 
  Process LIBID 30699 
  Process LIBID 30799 
  Process LIBID 30899 
  Process LIBID 30999 
  Process LIBID 31099 
  Process LIBID 31199 
  Process LIBID 31299 
  Process LIBID 31399 
  Process LIBID 31499 
  Process LIBID 31599 
  Process LIBID 31699 
  Process LIBID 31799 
  Process LIBID 31899 
  Process LIBID 31999 
  Process LIBID 32099 
  Process LIBID 32199 
  Process LIBID 32299 
  Process LIBID 32399 
  Process LIBID 32499 
  Process LIBID 32599 
  Process LIBID 32699 
  Process LIBID 32799 
  Process LIBID 32899 
  Process LIBID 32999 
  Process LIBID 33099 
  Process LIBID 33199 
  Process LIBID 33299 
  Process LIBID 33399 
  Process LIBID 33499 
  Process LIBID 33599 
  Process LIBID 33699 
  Process LIBID 33799 
  Process LIBID 33899 
  Process LIBID 33999 
  Process LIBID 34099 
  Process LIBID 34199 
  Process LIBID 34299 
  Process LIBID 34399 
  Process LIBID 34499 
  Process LIBID 34599 
  Process LIBID 34699 
  Process LIBID 34799 
  Process LIBID 34899 
  Process LIBID 34999 
  Process LIBID 35099 
  Process LIBID 35199 
  Process LIBID 35299 
  Process LIBID 35399 
  Process LIBID 35499 
  Process LIBID 35599 
  Process LIBID 35699 
  Process LIBID 35799 
  Process LIBID 35899 
  Process LIBID 35999 
  Process LIBID 36099 
  Process LIBID 36199 
  Process LIBID 36299 
  Process LIBID 36399 
  Process LIBID 36499 
  Process LIBID 36599 
  Process LIBID 36699 
  Process LIBID 36799 
  Process LIBID 36899 
  Process LIBID 36999 
  Process LIBID 37099 
  Process LIBID 37199 
  Process LIBID 37299 
  Process LIBID 37399 
  Process LIBID 37499 
  Process LIBID 37599 
  Process LIBID 37699 
  Process LIBID 37799 
  Process LIBID 37899 
  Process LIBID 37999 
  Process LIBID 38099 
  Process LIBID 38199 
  Process LIBID 38299 
  Process LIBID 38399 
  Process LIBID 38499 
  Process LIBID 38599 
  Process LIBID 38699 
  Process LIBID 38799 
  Process LIBID 38899 
  Process LIBID 38999 
  Process LIBID 39099 
  Process LIBID 39199 
  Process LIBID 39299 
  Process LIBID 39399 
  Process LIBID 39499 
  Process LIBID 39599 
  Process LIBID 39699 
  Process LIBID 39799 
  Process LIBID 39899 
  Process LIBID 39999 
  Process LIBID 40099 
  Process LIBID 40199 
  Process LIBID 40299 
  Process LIBID 40399 
  Process LIBID 40499 
  Process LIBID 40599 
  Process LIBID 40699 
  Process LIBID 40799 
  Process LIBID 40899 
  Process LIBID 40999 
  Process LIBID 41099 
  Process LIBID 41199 
  Process LIBID 41299 
  Process LIBID 41399 
  Process LIBID 41499 
  Process LIBID 41599 
  Process LIBID 41699 
  Process LIBID 41799 
  Process LIBID 41899 
  Process LIBID 41999 
  Process LIBID 42099 
  Process LIBID 42199 
  Process LIBID 42299 
  Process LIBID 42399 
  Process LIBID 42499 
  Process LIBID 42599 
  Process LIBID 42699 
  Process LIBID 42799 
  Process LIBID 42899 
  Process LIBID 42999 
  Process LIBID 43099 
  Process LIBID 43199 
  Process LIBID 43299 
  Process LIBID 43399 
  Process LIBID 43499 
  Process LIBID 43599 
  Process LIBID 43699 
  Process LIBID 43799 
  Process LIBID 43899 
  Process LIBID 43999 
  Process LIBID 44099 
  Process LIBID 44199 
  Process LIBID 44299 
  Process LIBID 44399 
  Process LIBID 44499 
  Process LIBID 44599 
  Process LIBID 44699 
  Process LIBID 44799 
  Process LIBID 44899 
  Process LIBID 44999 
  Process LIBID 45099 
  Process LIBID 45199 
  Process LIBID 45299 
  Process LIBID 45399 
  Process LIBID 45499 
  Process LIBID 45599 
  Process LIBID 45699 
  Process LIBID 45799 
  Process LIBID 45899 
  Process LIBID 45999 
  Process LIBID 46099 
  Process LIBID 46199 
  Process LIBID 46299 
  Process LIBID 46399 
  Process LIBID 46499 
  Process LIBID 46599 
  Process LIBID 46699 
  Process LIBID 46799 
  Process LIBID 46899 
  Process LIBID 46999 
  Process LIBID 47099 
  Process LIBID 47199 
  Process LIBID 47299 
  Process LIBID 47399 
  Process LIBID 47499 
  Process LIBID 47599 
  Process LIBID 47699 
  Process LIBID 47799 
  Process LIBID 47899 
  Process LIBID 47999 
  Process LIBID 48099 
  Process LIBID 48199 
  Process LIBID 48299 
  Process LIBID 48399 
  Process LIBID 48499 
  Process LIBID 48599 
  Process LIBID 48699 
  Process LIBID 48799 
  Process LIBID 48899 
  Process LIBID 48999 
  Process LIBID 49099 
  Process LIBID 49199 
  Process LIBID 49299 
  Process LIBID 49399 
  Process LIBID 49499 
  Process LIBID 49599 
  Process LIBID 49699 
  Process LIBID 49799 
  Process LIBID 49899 
  Process LIBID 49999 

 Insert 'NLIBID: 50000' after SURVEY line in header.
  Coadd NOBS Range: 350 to 4276 
  Coadd MJD Range: 61208.2 to 64860.4 

 Done coadding 50000 LIBIDs (50000 read) 
Reading from database sqlite:////pscratch/sd/d/desctd/cfs_mirror/SNANA/SURVEYS/LSST/ROOT/simlibs/baseline_v5.3.0_10yrs.db
Read N = 1844571 observations in 34.66 seconds.
No host file.
Finished compute healpy representation, total number of fields : 386010.
Writing SIMLIB in /pscratch/sd/d/desctd/cfs_mirror/SNANA/SURVEYS/LSST/ROOT/simlibs/baseline_v5.3.0_10yrs_all.SIMLIB
SIMLIB wrote in 287.19 sec.



#################


Executing simlib_coadd.exe
Return code: 0
